<?xml version="1.0" encoding="utf-8"?>
<coverage line-rate="0.5336" branch-rate="0.3831" version="1.9" timestamp="1769638403" lines-covered="301" lines-valid="564" branches-covered="41" branches-valid="107">
  <sources>
    <source>/Users/keremvaris/RiderProjects/Intentum/src/</source>
  </sources>
  <packages>
    <package name="Intentum.AI.OpenAI" line-rate="0.43" branch-rate="0.3636" complexity="36">
      <classes>
        <class name="Intentum.AI.OpenAI.OpenAIEmbeddingProvider" filename="Intentum.AI.OpenAI/OpenAIEmbeddingProvider.cs" line-rate="0.9666" branch-rate="0.5" complexity="11">
          <methods>
            <method name="Embed" signature="(System.String)" line-rate="1" branch-rate="0.5" complexity="8">
              <lines>
                <line number="19" hits="2" branch="False" />
                <line number="20" hits="2" branch="False" />
                <line number="22" hits="2" branch="False" />
                <line number="23" hits="2" branch="False" />
                <line number="24" hits="2" branch="False" />
                <line number="25" hits="2" branch="False" />
                <line number="26" hits="2" branch="False" />
                <line number="28" hits="2" branch="False" />
                <line number="30" hits="1" branch="False" />
                <line number="31" hits="1" branch="False" />
                <line number="32" hits="1" branch="False" />
                <line number="33" hits="1" branch="False" />
                <line number="35" hits="1" branch="True" condition-coverage="50% (4/8)">
                  <conditions>
                    <condition number="118" type="jump" coverage="50%" />
                    <condition number="130" type="jump" coverage="50%" />
                    <condition number="142" type="jump" coverage="50%" />
                    <condition number="154" type="jump" coverage="50%" />
                  </conditions>
                </line>
                <line number="36" hits="1" branch="False" />
                <line number="38" hits="1" branch="False" />
                <line number="39" hits="1" branch="False" />
                <line number="40" hits="1" branch="False" />
                <line number="41" hits="1" branch="False" />
                <line number="42" hits="1" branch="False" />
              </lines>
            </method>
            <method name="Normalize" signature="(System.Collections.Generic.List`1&lt;System.Double&gt;)" line-rate="0.8332999999999999" branch-rate="0.5" complexity="2">
              <lines>
                <line number="45" hits="1" branch="False" />
                <line number="46" hits="1" branch="True" condition-coverage="50% (1/2)">
                  <conditions>
                    <condition number="12" type="jump" coverage="50%" />
                  </conditions>
                </line>
                <line number="47" hits="0" branch="False" />
                <line number="49" hits="3" branch="False" />
                <line number="50" hits="1" branch="False" />
                <line number="51" hits="1" branch="False" />
              </lines>
            </method>
            <method name=".ctor" signature="(Intentum.AI.OpenAI.OpenAIOptions,System.Net.Http.HttpClient)" line-rate="1" branch-rate="1" complexity="1">
              <lines>
                <line number="12" hits="2" branch="False" />
                <line number="13" hits="2" branch="False" />
                <line number="14" hits="2" branch="False" />
                <line number="15" hits="2" branch="False" />
                <line number="16" hits="2" branch="False" />
              </lines>
            </method>
          </methods>
          <lines>
            <line number="19" hits="2" branch="False" />
            <line number="20" hits="2" branch="False" />
            <line number="22" hits="2" branch="False" />
            <line number="23" hits="2" branch="False" />
            <line number="24" hits="2" branch="False" />
            <line number="25" hits="2" branch="False" />
            <line number="26" hits="2" branch="False" />
            <line number="28" hits="2" branch="False" />
            <line number="30" hits="1" branch="False" />
            <line number="31" hits="1" branch="False" />
            <line number="32" hits="1" branch="False" />
            <line number="33" hits="1" branch="False" />
            <line number="35" hits="1" branch="True" condition-coverage="50% (4/8)">
              <conditions>
                <condition number="118" type="jump" coverage="50%" />
                <condition number="130" type="jump" coverage="50%" />
                <condition number="142" type="jump" coverage="50%" />
                <condition number="154" type="jump" coverage="50%" />
              </conditions>
            </line>
            <line number="36" hits="1" branch="False" />
            <line number="38" hits="1" branch="False" />
            <line number="39" hits="1" branch="False" />
            <line number="40" hits="1" branch="False" />
            <line number="41" hits="1" branch="False" />
            <line number="42" hits="1" branch="False" />
            <line number="45" hits="1" branch="False" />
            <line number="46" hits="1" branch="True" condition-coverage="50% (1/2)">
              <conditions>
                <condition number="12" type="jump" coverage="50%" />
              </conditions>
            </line>
            <line number="47" hits="0" branch="False" />
            <line number="49" hits="3" branch="False" />
            <line number="50" hits="1" branch="False" />
            <line number="51" hits="1" branch="False" />
            <line number="12" hits="2" branch="False" />
            <line number="13" hits="2" branch="False" />
            <line number="14" hits="2" branch="False" />
            <line number="15" hits="2" branch="False" />
            <line number="16" hits="2" branch="False" />
          </lines>
        </class>
        <class name="Intentum.AI.OpenAI.OpenAIEmbeddingProvider/OpenAIEmbeddingRequest" filename="Intentum.AI.OpenAI/OpenAIEmbeddingProvider.cs" line-rate="0.6666" branch-rate="1" complexity="3">
          <methods>
            <method name="get_Model" signature="()" line-rate="0" branch-rate="1" complexity="1">
              <lines>
                <line number="54" hits="0" branch="False" />
              </lines>
            </method>
            <method name="get_Input" signature="()" line-rate="1" branch-rate="1" complexity="1">
              <lines>
                <line number="55" hits="2" branch="False" />
              </lines>
            </method>
            <method name=".ctor" signature="(System.String,System.String)" line-rate="1" branch-rate="1" complexity="1">
              <lines>
                <line number="53" hits="2" branch="False" />
              </lines>
            </method>
          </methods>
          <lines>
            <line number="54" hits="0" branch="False" />
            <line number="55" hits="2" branch="False" />
            <line number="53" hits="2" branch="False" />
          </lines>
        </class>
        <class name="Intentum.AI.OpenAI.OpenAIEmbeddingProvider/OpenAIEmbeddingResponse" filename="Intentum.AI.OpenAI/OpenAIEmbeddingProvider.cs" line-rate="1" branch-rate="1" complexity="2">
          <methods>
            <method name="get_Data" signature="()" line-rate="1" branch-rate="1" complexity="1">
              <lines>
                <line number="58" hits="2" branch="False" />
              </lines>
            </method>
            <method name=".ctor" signature="(System.Collections.Generic.List`1&lt;Intentum.AI.OpenAI.OpenAIEmbeddingProvider/OpenAIEmbeddingData&gt;)" line-rate="1" branch-rate="1" complexity="1">
              <lines>
                <line number="57" hits="1" branch="False" />
              </lines>
            </method>
          </methods>
          <lines>
            <line number="58" hits="2" branch="False" />
            <line number="57" hits="1" branch="False" />
          </lines>
        </class>
        <class name="Intentum.AI.OpenAI.OpenAIEmbeddingProvider/OpenAIEmbeddingData" filename="Intentum.AI.OpenAI/OpenAIEmbeddingProvider.cs" line-rate="1" branch-rate="1" complexity="2">
          <methods>
            <method name="get_Embedding" signature="()" line-rate="1" branch-rate="1" complexity="1">
              <lines>
                <line number="61" hits="2" branch="False" />
              </lines>
            </method>
            <method name=".ctor" signature="(System.Collections.Generic.List`1&lt;System.Double&gt;)" line-rate="1" branch-rate="1" complexity="1">
              <lines>
                <line number="60" hits="1" branch="False" />
              </lines>
            </method>
          </methods>
          <lines>
            <line number="61" hits="2" branch="False" />
            <line number="60" hits="1" branch="False" />
          </lines>
        </class>
        <class name="Intentum.AI.OpenAI.OpenAIIntentModel" filename="Intentum.AI.OpenAI/OpenAIIntentModel.cs" line-rate="0" branch-rate="1" complexity="2">
          <methods>
            <method name="Infer" signature="(Intentum.Core.Behavior.BehaviorSpace)" line-rate="0" branch-rate="1" complexity="1">
              <lines>
                <line number="24" hits="0" branch="False" />
                <line number="25" hits="0" branch="False" />
                <line number="27" hits="0" branch="False" />
                <line number="28" hits="0" branch="False" />
                <line number="29" hits="0" branch="False" />
                <line number="31" hits="0" branch="False" />
                <line number="32" hits="0" branch="False" />
                <line number="34" hits="0" branch="False" />
                <line number="35" hits="0" branch="False" />
                <line number="36" hits="0" branch="False" />
                <line number="37" hits="0" branch="False" />
                <line number="38" hits="0" branch="False" />
                <line number="39" hits="0" branch="False" />
                <line number="41" hits="0" branch="False" />
                <line number="42" hits="0" branch="False" />
                <line number="43" hits="0" branch="False" />
                <line number="44" hits="0" branch="False" />
                <line number="45" hits="0" branch="False" />
                <line number="46" hits="0" branch="False" />
              </lines>
            </method>
            <method name=".ctor" signature="(Intentum.AI.Embeddings.IIntentEmbeddingProvider,Intentum.AI.Similarity.IIntentSimilarityEngine)" line-rate="0" branch-rate="1" complexity="1">
              <lines>
                <line number="15" hits="0" branch="False" />
                <line number="16" hits="0" branch="False" />
                <line number="17" hits="0" branch="False" />
                <line number="18" hits="0" branch="False" />
                <line number="19" hits="0" branch="False" />
                <line number="20" hits="0" branch="False" />
                <line number="21" hits="0" branch="False" />
              </lines>
            </method>
          </methods>
          <lines>
            <line number="24" hits="0" branch="False" />
            <line number="25" hits="0" branch="False" />
            <line number="27" hits="0" branch="False" />
            <line number="28" hits="0" branch="False" />
            <line number="29" hits="0" branch="False" />
            <line number="31" hits="0" branch="False" />
            <line number="32" hits="0" branch="False" />
            <line number="34" hits="0" branch="False" />
            <line number="35" hits="0" branch="False" />
            <line number="36" hits="0" branch="False" />
            <line number="37" hits="0" branch="False" />
            <line number="38" hits="0" branch="False" />
            <line number="39" hits="0" branch="False" />
            <line number="41" hits="0" branch="False" />
            <line number="42" hits="0" branch="False" />
            <line number="43" hits="0" branch="False" />
            <line number="44" hits="0" branch="False" />
            <line number="45" hits="0" branch="False" />
            <line number="46" hits="0" branch="False" />
            <line number="15" hits="0" branch="False" />
            <line number="16" hits="0" branch="False" />
            <line number="17" hits="0" branch="False" />
            <line number="18" hits="0" branch="False" />
            <line number="19" hits="0" branch="False" />
            <line number="20" hits="0" branch="False" />
            <line number="21" hits="0" branch="False" />
          </lines>
        </class>
        <class name="Intentum.AI.OpenAI.OpenAIOptions" filename="Intentum.AI.OpenAI/OpenAIOptions.cs" line-rate="0.3333" branch-rate="0.25" complexity="15">
          <methods>
            <method name="get_ApiKey" signature="()" line-rate="1" branch-rate="1" complexity="1">
              <lines>
                <line number="5" hits="4" branch="False" />
              </lines>
            </method>
            <method name="get_EmbeddingModel" signature="()" line-rate="1" branch-rate="1" complexity="1">
              <lines>
                <line number="6" hits="8" branch="False" />
              </lines>
            </method>
            <method name="get_BaseUrl" signature="()" line-rate="1" branch-rate="1" complexity="1">
              <lines>
                <line number="7" hits="4" branch="False" />
              </lines>
            </method>
            <method name="Validate" signature="()" line-rate="0.625" branch-rate="0.5" complexity="6">
              <lines>
                <line number="10" hits="2" branch="False" />
                <line number="11" hits="2" branch="True" condition-coverage="50% (1/2)">
                  <conditions>
                    <condition number="14" type="jump" coverage="50%" />
                  </conditions>
                </line>
                <line number="12" hits="0" branch="False" />
                <line number="13" hits="2" branch="True" condition-coverage="50% (1/2)">
                  <conditions>
                    <condition number="40" type="jump" coverage="50%" />
                  </conditions>
                </line>
                <line number="14" hits="0" branch="False" />
                <line number="15" hits="2" branch="True" condition-coverage="50% (1/2)">
                  <conditions>
                    <condition number="66" type="jump" coverage="50%" />
                  </conditions>
                </line>
                <line number="16" hits="0" branch="False" />
                <line number="17" hits="2" branch="False" />
              </lines>
            </method>
            <method name="FromEnvironment" signature="()" line-rate="0" branch-rate="0" complexity="6">
              <lines>
                <line number="20" hits="0" branch="False" />
                <line number="21" hits="0" branch="True" condition-coverage="0% (0/2)">
                  <conditions>
                    <condition number="12" type="jump" coverage="0%" />
                  </conditions>
                </line>
                <line number="22" hits="0" branch="False" />
                <line number="24" hits="0" branch="False" />
                <line number="25" hits="0" branch="True" condition-coverage="0% (0/2)">
                  <conditions>
                    <condition number="46" type="jump" coverage="0%" />
                  </conditions>
                </line>
                <line number="26" hits="0" branch="False" />
                <line number="28" hits="0" branch="True" condition-coverage="0% (0/2)">
                  <conditions>
                    <condition number="84" type="jump" coverage="0%" />
                  </conditions>
                </line>
                <line number="29" hits="0" branch="False" />
                <line number="30" hits="0" branch="False" />
                <line number="31" hits="0" branch="False" />
                <line number="32" hits="0" branch="False" />
                <line number="33" hits="0" branch="False" />
                <line number="34" hits="0" branch="False" />
              </lines>
            </method>
          </methods>
          <lines>
            <line number="5" hits="4" branch="False" />
            <line number="6" hits="8" branch="False" />
            <line number="7" hits="4" branch="False" />
            <line number="10" hits="2" branch="False" />
            <line number="11" hits="2" branch="True" condition-coverage="50% (1/2)">
              <conditions>
                <condition number="14" type="jump" coverage="50%" />
              </conditions>
            </line>
            <line number="12" hits="0" branch="False" />
            <line number="13" hits="2" branch="True" condition-coverage="50% (1/2)">
              <conditions>
                <condition number="40" type="jump" coverage="50%" />
              </conditions>
            </line>
            <line number="14" hits="0" branch="False" />
            <line number="15" hits="2" branch="True" condition-coverage="50% (1/2)">
              <conditions>
                <condition number="66" type="jump" coverage="50%" />
              </conditions>
            </line>
            <line number="16" hits="0" branch="False" />
            <line number="17" hits="2" branch="False" />
            <line number="20" hits="0" branch="False" />
            <line number="21" hits="0" branch="True" condition-coverage="0% (0/2)">
              <conditions>
                <condition number="12" type="jump" coverage="0%" />
              </conditions>
            </line>
            <line number="22" hits="0" branch="False" />
            <line number="24" hits="0" branch="False" />
            <line number="25" hits="0" branch="True" condition-coverage="0% (0/2)">
              <conditions>
                <condition number="46" type="jump" coverage="0%" />
              </conditions>
            </line>
            <line number="26" hits="0" branch="False" />
            <line number="28" hits="0" branch="True" condition-coverage="0% (0/2)">
              <conditions>
                <condition number="84" type="jump" coverage="0%" />
              </conditions>
            </line>
            <line number="29" hits="0" branch="False" />
            <line number="30" hits="0" branch="False" />
            <line number="31" hits="0" branch="False" />
            <line number="32" hits="0" branch="False" />
            <line number="33" hits="0" branch="False" />
            <line number="34" hits="0" branch="False" />
          </lines>
        </class>
        <class name="Intentum.AI.OpenAI.OpenAIServiceCollectionExtensions" filename="Intentum.AI.OpenAI/OpenAIServiceCollectionExtensions.cs" line-rate="0" branch-rate="1" complexity="1">
          <methods>
            <method name="AddIntentumOpenAI" signature="(Microsoft.Extensions.DependencyInjection.IServiceCollection,Intentum.AI.OpenAI.OpenAIOptions)" line-rate="0" branch-rate="1" complexity="1">
              <lines>
                <line number="13" hits="0" branch="False" />
                <line number="14" hits="0" branch="False" />
                <line number="15" hits="0" branch="False" />
                <line number="16" hits="0" branch="False" />
                <line number="17" hits="0" branch="False" />
                <line number="18" hits="0" branch="False" />
                <line number="19" hits="0" branch="False" />
                <line number="20" hits="0" branch="False" />
                <line number="21" hits="0" branch="False" />
                <line number="22" hits="0" branch="False" />
                <line number="23" hits="0" branch="False" />
                <line number="25" hits="0" branch="False" />
                <line number="26" hits="0" branch="False" />
              </lines>
            </method>
          </methods>
          <lines>
            <line number="13" hits="0" branch="False" />
            <line number="14" hits="0" branch="False" />
            <line number="15" hits="0" branch="False" />
            <line number="16" hits="0" branch="False" />
            <line number="17" hits="0" branch="False" />
            <line number="18" hits="0" branch="False" />
            <line number="19" hits="0" branch="False" />
            <line number="20" hits="0" branch="False" />
            <line number="21" hits="0" branch="False" />
            <line number="22" hits="0" branch="False" />
            <line number="23" hits="0" branch="False" />
            <line number="25" hits="0" branch="False" />
            <line number="26" hits="0" branch="False" />
          </lines>
        </class>
      </classes>
    </package>
    <package name="Intentum.Runtime" line-rate="0.32689999999999997" branch-rate="0.1818" complexity="21">
      <classes>
        <class name="Intentum.Runtime.RuntimeExtensions" filename="Intentum.Runtime/RuntimeExtensions.cs" line-rate="0.21420000000000003" branch-rate="0" complexity="6">
          <methods>
            <method name="Decide" signature="(Intentum.Core.Intents.Intent,Intentum.Runtime.Policy.IntentPolicy)" line-rate="1" branch-rate="1" complexity="1">
              <lines>
                <line number="13" hits="25" branch="False" />
                <line number="14" hits="25" branch="False" />
                <line number="15" hits="25" branch="False" />
              </lines>
            </method>
            <method name="ToLocalizedString" signature="(Intentum.Runtime.Policy.PolicyDecision,Intentum.Runtime.Localization.IIntentumLocalizer)" line-rate="0" branch-rate="0" complexity="5">
              <lines>
                <line number="20" hits="0" branch="False" />
                <line number="21" hits="0" branch="True" condition-coverage="0% (0/5)">
                  <conditions>
                    <condition number="6" type="switch" coverage="0%" />
                  </conditions>
                </line>
                <line number="22" hits="0" branch="False" />
                <line number="23" hits="0" branch="False" />
                <line number="24" hits="0" branch="False" />
                <line number="25" hits="0" branch="False" />
                <line number="26" hits="0" branch="False" />
                <line number="27" hits="0" branch="False" />
                <line number="28" hits="0" branch="False" />
                <line number="30" hits="0" branch="False" />
                <line number="31" hits="0" branch="False" />
              </lines>
            </method>
          </methods>
          <lines>
            <line number="13" hits="25" branch="False" />
            <line number="14" hits="25" branch="False" />
            <line number="15" hits="25" branch="False" />
            <line number="20" hits="0" branch="False" />
            <line number="21" hits="0" branch="True" condition-coverage="0% (0/5)">
              <conditions>
                <condition number="6" type="switch" coverage="0%" />
              </conditions>
            </line>
            <line number="22" hits="0" branch="False" />
            <line number="23" hits="0" branch="False" />
            <line number="24" hits="0" branch="False" />
            <line number="25" hits="0" branch="False" />
            <line number="26" hits="0" branch="False" />
            <line number="27" hits="0" branch="False" />
            <line number="28" hits="0" branch="False" />
            <line number="30" hits="0" branch="False" />
            <line number="31" hits="0" branch="False" />
          </lines>
        </class>
        <class name="Intentum.Runtime.Policy.IntentPolicy" filename="Intentum.Runtime/Policy/IntentPolicy.cs" line-rate="1" branch-rate="1" complexity="3">
          <methods>
            <method name="get_Rules" signature="()" line-rate="1" branch-rate="1" complexity="1">
              <lines>
                <line number="10" hits="27" branch="False" />
              </lines>
            </method>
            <method name="AddRule" signature="(Intentum.Runtime.Policy.PolicyRule)" line-rate="1" branch-rate="1" complexity="1">
              <lines>
                <line number="13" hits="82" branch="False" />
                <line number="14" hits="82" branch="False" />
                <line number="15" hits="82" branch="False" />
                <line number="16" hits="82" branch="False" />
              </lines>
            </method>
            <method name=".ctor" signature="()" line-rate="1" branch-rate="1" complexity="1">
              <lines>
                <line number="8" hits="27" branch="False" />
              </lines>
            </method>
          </methods>
          <lines>
            <line number="10" hits="27" branch="False" />
            <line number="13" hits="82" branch="False" />
            <line number="14" hits="82" branch="False" />
            <line number="15" hits="82" branch="False" />
            <line number="16" hits="82" branch="False" />
            <line number="8" hits="27" branch="False" />
          </lines>
        </class>
        <class name="Intentum.Runtime.Policy.PolicyRule" filename="Intentum.Runtime/Policy/PolicyRule.cs" line-rate="0.8" branch-rate="1" complexity="4">
          <methods>
            <method name="get_Name" signature="()" line-rate="0" branch-rate="1" complexity="1">
              <lines>
                <line number="9" hits="0" branch="False" />
              </lines>
            </method>
            <method name="get_Condition" signature="()" line-rate="1" branch-rate="1" complexity="1">
              <lines>
                <line number="10" hits="62" branch="False" />
              </lines>
            </method>
            <method name="get_Decision" signature="()" line-rate="1" branch-rate="1" complexity="1">
              <lines>
                <line number="11" hits="21" branch="False" />
              </lines>
            </method>
            <method name=".ctor" signature="(System.String,System.Func`2&lt;Intentum.Core.Intents.Intent,System.Boolean&gt;,Intentum.Runtime.Policy.PolicyDecision)" line-rate="1" branch-rate="1" complexity="1">
              <lines>
                <line number="8" hits="82" branch="False" />
                <line number="12" hits="82" branch="False" />
              </lines>
            </method>
          </methods>
          <lines>
            <line number="9" hits="0" branch="False" />
            <line number="10" hits="62" branch="False" />
            <line number="11" hits="21" branch="False" />
            <line number="8" hits="82" branch="False" />
            <line number="12" hits="82" branch="False" />
          </lines>
        </class>
        <class name="Intentum.Runtime.Localization.DefaultLocalizer" filename="Intentum.Runtime/Localization/DefaultLocalizer.cs" line-rate="0" branch-rate="0" complexity="6">
          <methods>
            <method name="Get" signature="(System.String)" line-rate="0" branch-rate="0" complexity="2">
              <lines>
                <line number="17" hits="0" branch="True" condition-coverage="0% (0/2)">
                  <conditions>
                    <condition number="14" type="jump" coverage="0%" />
                  </conditions>
                </line>
              </lines>
            </method>
            <method name="English" signature="()" line-rate="0" branch-rate="1" complexity="1">
              <lines>
                <line number="20" hits="0" branch="False" />
                <line number="21" hits="0" branch="False" />
                <line number="22" hits="0" branch="False" />
                <line number="23" hits="0" branch="False" />
                <line number="24" hits="0" branch="False" />
                <line number="25" hits="0" branch="False" />
                <line number="26" hits="0" branch="False" />
              </lines>
            </method>
            <method name="Turkish" signature="()" line-rate="0" branch-rate="1" complexity="1">
              <lines>
                <line number="29" hits="0" branch="False" />
                <line number="30" hits="0" branch="False" />
                <line number="31" hits="0" branch="False" />
                <line number="32" hits="0" branch="False" />
                <line number="33" hits="0" branch="False" />
                <line number="34" hits="0" branch="False" />
                <line number="35" hits="0" branch="False" />
              </lines>
            </method>
            <method name=".ctor" signature="(System.String)" line-rate="0" branch-rate="0" complexity="2">
              <lines>
                <line number="7" hits="0" branch="False" />
                <line number="8" hits="0" branch="False" />
                <line number="9" hits="0" branch="True" condition-coverage="0% (0/2)">
                  <conditions>
                    <condition number="30" type="jump" coverage="0%" />
                  </conditions>
                </line>
                <line number="10" hits="0" branch="False" />
                <line number="11" hits="0" branch="False" />
                <line number="12" hits="0" branch="False" />
                <line number="13" hits="0" branch="False" />
                <line number="14" hits="0" branch="False" />
              </lines>
            </method>
          </methods>
          <lines>
            <line number="17" hits="0" branch="True" condition-coverage="0% (0/2)">
              <conditions>
                <condition number="14" type="jump" coverage="0%" />
              </conditions>
            </line>
            <line number="20" hits="0" branch="False" />
            <line number="21" hits="0" branch="False" />
            <line number="22" hits="0" branch="False" />
            <line number="23" hits="0" branch="False" />
            <line number="24" hits="0" branch="False" />
            <line number="25" hits="0" branch="False" />
            <line number="26" hits="0" branch="False" />
            <line number="29" hits="0" branch="False" />
            <line number="30" hits="0" branch="False" />
            <line number="31" hits="0" branch="False" />
            <line number="32" hits="0" branch="False" />
            <line number="33" hits="0" branch="False" />
            <line number="34" hits="0" branch="False" />
            <line number="35" hits="0" branch="False" />
            <line number="7" hits="0" branch="False" />
            <line number="8" hits="0" branch="False" />
            <line number="9" hits="0" branch="True" condition-coverage="0% (0/2)">
              <conditions>
                <condition number="30" type="jump" coverage="0%" />
              </conditions>
            </line>
            <line number="10" hits="0" branch="False" />
            <line number="11" hits="0" branch="False" />
            <line number="12" hits="0" branch="False" />
            <line number="13" hits="0" branch="False" />
            <line number="14" hits="0" branch="False" />
          </lines>
        </class>
        <class name="Intentum.Runtime.Engine.IntentPolicyEngine" filename="Intentum.Runtime/Engine/IntentPolicyEngine.cs" line-rate="1" branch-rate="1" complexity="2">
          <methods>
            <method name="Evaluate" signature="(Intentum.Core.Intents.Intent,Intentum.Runtime.Policy.IntentPolicy)" line-rate="1" branch-rate="1" complexity="2">
              <lines>
                <line number="15" hits="27" branch="False" />
                <line number="16" hits="89" branch="False" />
                <line number="17" hits="27" branch="True" condition-coverage="100% (2/2)">
                  <conditions>
                    <condition number="39" type="jump" coverage="100%" />
                  </conditions>
                </line>
                <line number="18" hits="27" branch="False" />
              </lines>
            </method>
          </methods>
          <lines>
            <line number="15" hits="27" branch="False" />
            <line number="16" hits="89" branch="False" />
            <line number="17" hits="27" branch="True" condition-coverage="100% (2/2)">
              <conditions>
                <condition number="39" type="jump" coverage="100%" />
              </conditions>
            </line>
            <line number="18" hits="27" branch="False" />
          </lines>
        </class>
      </classes>
    </package>
    <package name="Intentum.AI.AzureOpenAI" line-rate="0.4468" branch-rate="0.3333" complexity="38">
      <classes>
        <class name="Intentum.AI.AzureOpenAI.AzureOpenAIEmbeddingProvider" filename="Intentum.AI.AzureOpenAI/AzureOpenAIEmbeddingProvider.cs" line-rate="0.9629000000000001" branch-rate="0.5" complexity="9">
          <methods>
            <method name="Embed" signature="(System.String)" line-rate="1" branch-rate="0.5" complexity="6">
              <lines>
                <line number="11" hits="1" branch="False" />
                <line number="12" hits="1" branch="False" />
                <line number="14" hits="1" branch="False" />
                <line number="15" hits="1" branch="False" />
                <line number="17" hits="1" branch="False" />
                <line number="18" hits="1" branch="False" />
                <line number="19" hits="1" branch="False" />
                <line number="20" hits="1" branch="False" />
                <line number="22" hits="1" branch="False" />
                <line number="24" hits="1" branch="False" />
                <line number="25" hits="1" branch="False" />
                <line number="26" hits="1" branch="False" />
                <line number="27" hits="1" branch="False" />
                <line number="29" hits="1" branch="True" condition-coverage="50% (3/6)">
                  <conditions>
                    <condition number="141" type="jump" coverage="50%" />
                    <condition number="158" type="jump" coverage="50%" />
                    <condition number="170" type="jump" coverage="50%" />
                  </conditions>
                </line>
                <line number="30" hits="1" branch="False" />
                <line number="32" hits="1" branch="False" />
                <line number="33" hits="1" branch="False" />
                <line number="34" hits="1" branch="False" />
                <line number="35" hits="1" branch="False" />
                <line number="36" hits="1" branch="False" />
              </lines>
            </method>
            <method name="Normalize" signature="(System.Collections.Generic.List`1&lt;System.Double&gt;)" line-rate="0.8332999999999999" branch-rate="0.5" complexity="2">
              <lines>
                <line number="39" hits="1" branch="False" />
                <line number="40" hits="1" branch="True" condition-coverage="50% (1/2)">
                  <conditions>
                    <condition number="12" type="jump" coverage="50%" />
                  </conditions>
                </line>
                <line number="41" hits="0" branch="False" />
                <line number="43" hits="1" branch="False" />
                <line number="44" hits="1" branch="False" />
                <line number="45" hits="1" branch="False" />
              </lines>
            </method>
            <method name=".ctor" signature="(Intentum.AI.AzureOpenAI.AzureOpenAIOptions,System.Net.Http.HttpClient)" line-rate="1" branch-rate="1" complexity="1">
              <lines>
                <line number="7" hits="1" branch="False" />
              </lines>
            </method>
          </methods>
          <lines>
            <line number="11" hits="1" branch="False" />
            <line number="12" hits="1" branch="False" />
            <line number="14" hits="1" branch="False" />
            <line number="15" hits="1" branch="False" />
            <line number="17" hits="1" branch="False" />
            <line number="18" hits="1" branch="False" />
            <line number="19" hits="1" branch="False" />
            <line number="20" hits="1" branch="False" />
            <line number="22" hits="1" branch="False" />
            <line number="24" hits="1" branch="False" />
            <line number="25" hits="1" branch="False" />
            <line number="26" hits="1" branch="False" />
            <line number="27" hits="1" branch="False" />
            <line number="29" hits="1" branch="True" condition-coverage="50% (3/6)">
              <conditions>
                <condition number="141" type="jump" coverage="50%" />
                <condition number="158" type="jump" coverage="50%" />
                <condition number="170" type="jump" coverage="50%" />
              </conditions>
            </line>
            <line number="30" hits="1" branch="False" />
            <line number="32" hits="1" branch="False" />
            <line number="33" hits="1" branch="False" />
            <line number="34" hits="1" branch="False" />
            <line number="35" hits="1" branch="False" />
            <line number="36" hits="1" branch="False" />
            <line number="39" hits="1" branch="False" />
            <line number="40" hits="1" branch="True" condition-coverage="50% (1/2)">
              <conditions>
                <condition number="12" type="jump" coverage="50%" />
              </conditions>
            </line>
            <line number="41" hits="0" branch="False" />
            <line number="43" hits="1" branch="False" />
            <line number="44" hits="1" branch="False" />
            <line number="45" hits="1" branch="False" />
            <line number="7" hits="1" branch="False" />
          </lines>
        </class>
        <class name="Intentum.AI.AzureOpenAI.AzureOpenAIEmbeddingProvider/AzureEmbeddingRequest" filename="Intentum.AI.AzureOpenAI/AzureOpenAIEmbeddingProvider.cs" line-rate="1" branch-rate="1" complexity="2">
          <methods>
            <method name="get_Input" signature="()" line-rate="1" branch-rate="1" complexity="1">
              <lines>
                <line number="48" hits="1" branch="False" />
              </lines>
            </method>
            <method name=".ctor" signature="(System.String)" line-rate="1" branch-rate="1" complexity="1">
              <lines>
                <line number="47" hits="1" branch="False" />
              </lines>
            </method>
          </methods>
          <lines>
            <line number="48" hits="1" branch="False" />
            <line number="47" hits="1" branch="False" />
          </lines>
        </class>
        <class name="Intentum.AI.AzureOpenAI.AzureOpenAIEmbeddingProvider/AzureEmbeddingResponse" filename="Intentum.AI.AzureOpenAI/AzureOpenAIEmbeddingProvider.cs" line-rate="1" branch-rate="1" complexity="2">
          <methods>
            <method name="get_Data" signature="()" line-rate="1" branch-rate="1" complexity="1">
              <lines>
                <line number="51" hits="2" branch="False" />
              </lines>
            </method>
            <method name=".ctor" signature="(System.Collections.Generic.List`1&lt;Intentum.AI.AzureOpenAI.AzureOpenAIEmbeddingProvider/AzureEmbeddingData&gt;)" line-rate="1" branch-rate="1" complexity="1">
              <lines>
                <line number="50" hits="1" branch="False" />
              </lines>
            </method>
          </methods>
          <lines>
            <line number="51" hits="2" branch="False" />
            <line number="50" hits="1" branch="False" />
          </lines>
        </class>
        <class name="Intentum.AI.AzureOpenAI.AzureOpenAIEmbeddingProvider/AzureEmbeddingData" filename="Intentum.AI.AzureOpenAI/AzureOpenAIEmbeddingProvider.cs" line-rate="1" branch-rate="1" complexity="2">
          <methods>
            <method name="get_Embedding" signature="()" line-rate="1" branch-rate="1" complexity="1">
              <lines>
                <line number="54" hits="2" branch="False" />
              </lines>
            </method>
            <method name=".ctor" signature="(System.Collections.Generic.List`1&lt;System.Double&gt;)" line-rate="1" branch-rate="1" complexity="1">
              <lines>
                <line number="53" hits="1" branch="False" />
              </lines>
            </method>
          </methods>
          <lines>
            <line number="54" hits="2" branch="False" />
            <line number="53" hits="1" branch="False" />
          </lines>
        </class>
        <class name="Intentum.AI.AzureOpenAI.AzureOpenAIIntentModel" filename="Intentum.AI.AzureOpenAI/AzureOpenAIIntentModel.cs" line-rate="0" branch-rate="1" complexity="2">
          <methods>
            <method name="Infer" signature="(Intentum.Core.Behavior.BehaviorSpace)" line-rate="0" branch-rate="1" complexity="1">
              <lines>
                <line number="16" hits="0" branch="False" />
                <line number="17" hits="0" branch="False" />
                <line number="19" hits="0" branch="False" />
                <line number="20" hits="0" branch="False" />
                <line number="21" hits="0" branch="False" />
                <line number="23" hits="0" branch="False" />
                <line number="24" hits="0" branch="False" />
                <line number="26" hits="0" branch="False" />
                <line number="27" hits="0" branch="False" />
                <line number="28" hits="0" branch="False" />
                <line number="29" hits="0" branch="False" />
                <line number="30" hits="0" branch="False" />
                <line number="31" hits="0" branch="False" />
                <line number="33" hits="0" branch="False" />
                <line number="34" hits="0" branch="False" />
                <line number="35" hits="0" branch="False" />
                <line number="36" hits="0" branch="False" />
                <line number="37" hits="0" branch="False" />
                <line number="38" hits="0" branch="False" />
              </lines>
            </method>
            <method name=".ctor" signature="(Intentum.AI.Embeddings.IIntentEmbeddingProvider,Intentum.AI.Similarity.IIntentSimilarityEngine)" line-rate="0" branch-rate="1" complexity="1">
              <lines>
                <line number="10" hits="0" branch="False" />
                <line number="11" hits="0" branch="False" />
                <line number="12" hits="0" branch="False" />
              </lines>
            </method>
          </methods>
          <lines>
            <line number="16" hits="0" branch="False" />
            <line number="17" hits="0" branch="False" />
            <line number="19" hits="0" branch="False" />
            <line number="20" hits="0" branch="False" />
            <line number="21" hits="0" branch="False" />
            <line number="23" hits="0" branch="False" />
            <line number="24" hits="0" branch="False" />
            <line number="26" hits="0" branch="False" />
            <line number="27" hits="0" branch="False" />
            <line number="28" hits="0" branch="False" />
            <line number="29" hits="0" branch="False" />
            <line number="30" hits="0" branch="False" />
            <line number="31" hits="0" branch="False" />
            <line number="33" hits="0" branch="False" />
            <line number="34" hits="0" branch="False" />
            <line number="35" hits="0" branch="False" />
            <line number="36" hits="0" branch="False" />
            <line number="37" hits="0" branch="False" />
            <line number="38" hits="0" branch="False" />
            <line number="10" hits="0" branch="False" />
            <line number="11" hits="0" branch="False" />
            <line number="12" hits="0" branch="False" />
          </lines>
        </class>
        <class name="Intentum.AI.AzureOpenAI.AzureOpenAIOptions" filename="Intentum.AI.AzureOpenAI/AzureOpenAIOptions.cs" line-rate="0.3703" branch-rate="0.25" complexity="20">
          <methods>
            <method name="get_Endpoint" signature="()" line-rate="1" branch-rate="1" complexity="1">
              <lines>
                <line number="5" hits="2" branch="False" />
              </lines>
            </method>
            <method name="get_ApiKey" signature="()" line-rate="1" branch-rate="1" complexity="1">
              <lines>
                <line number="6" hits="2" branch="False" />
              </lines>
            </method>
            <method name="get_EmbeddingDeployment" signature="()" line-rate="1" branch-rate="1" complexity="1">
              <lines>
                <line number="7" hits="4" branch="False" />
              </lines>
            </method>
            <method name="get_ApiVersion" signature="()" line-rate="1" branch-rate="1" complexity="1">
              <lines>
                <line number="8" hits="4" branch="False" />
              </lines>
            </method>
            <method name="Validate" signature="()" line-rate="0.6" branch-rate="0.5" complexity="8">
              <lines>
                <line number="11" hits="1" branch="False" />
                <line number="12" hits="1" branch="True" condition-coverage="50% (1/2)">
                  <conditions>
                    <condition number="14" type="jump" coverage="50%" />
                  </conditions>
                </line>
                <line number="13" hits="0" branch="False" />
                <line number="14" hits="1" branch="True" condition-coverage="50% (1/2)">
                  <conditions>
                    <condition number="40" type="jump" coverage="50%" />
                  </conditions>
                </line>
                <line number="15" hits="0" branch="False" />
                <line number="16" hits="1" branch="True" condition-coverage="50% (1/2)">
                  <conditions>
                    <condition number="66" type="jump" coverage="50%" />
                  </conditions>
                </line>
                <line number="17" hits="0" branch="False" />
                <line number="18" hits="1" branch="True" condition-coverage="50% (1/2)">
                  <conditions>
                    <condition number="92" type="jump" coverage="50%" />
                  </conditions>
                </line>
                <line number="19" hits="0" branch="False" />
                <line number="20" hits="1" branch="False" />
              </lines>
            </method>
            <method name="FromEnvironment" signature="()" line-rate="0" branch-rate="0" complexity="8">
              <lines>
                <line number="23" hits="0" branch="False" />
                <line number="24" hits="0" branch="True" condition-coverage="0% (0/2)">
                  <conditions>
                    <condition number="12" type="jump" coverage="0%" />
                  </conditions>
                </line>
                <line number="25" hits="0" branch="False" />
                <line number="26" hits="0" branch="True" condition-coverage="0% (0/2)">
                  <conditions>
                    <condition number="38" type="jump" coverage="0%" />
                  </conditions>
                </line>
                <line number="27" hits="0" branch="False" />
                <line number="29" hits="0" branch="True" condition-coverage="0% (0/4)">
                  <conditions>
                    <condition number="86" type="jump" coverage="0%" />
                    <condition number="112" type="jump" coverage="0%" />
                  </conditions>
                </line>
                <line number="30" hits="0" branch="False" />
                <line number="31" hits="0" branch="False" />
                <line number="32" hits="0" branch="False" />
                <line number="33" hits="0" branch="False" />
                <line number="34" hits="0" branch="False" />
                <line number="35" hits="0" branch="False" />
                <line number="36" hits="0" branch="False" />
              </lines>
            </method>
          </methods>
          <lines>
            <line number="5" hits="2" branch="False" />
            <line number="6" hits="2" branch="False" />
            <line number="7" hits="4" branch="False" />
            <line number="8" hits="4" branch="False" />
            <line number="11" hits="1" branch="False" />
            <line number="12" hits="1" branch="True" condition-coverage="50% (1/2)">
              <conditions>
                <condition number="14" type="jump" coverage="50%" />
              </conditions>
            </line>
            <line number="13" hits="0" branch="False" />
            <line number="14" hits="1" branch="True" condition-coverage="50% (1/2)">
              <conditions>
                <condition number="40" type="jump" coverage="50%" />
              </conditions>
            </line>
            <line number="15" hits="0" branch="False" />
            <line number="16" hits="1" branch="True" condition-coverage="50% (1/2)">
              <conditions>
                <condition number="66" type="jump" coverage="50%" />
              </conditions>
            </line>
            <line number="17" hits="0" branch="False" />
            <line number="18" hits="1" branch="True" condition-coverage="50% (1/2)">
              <conditions>
                <condition number="92" type="jump" coverage="50%" />
              </conditions>
            </line>
            <line number="19" hits="0" branch="False" />
            <line number="20" hits="1" branch="False" />
            <line number="23" hits="0" branch="False" />
            <line number="24" hits="0" branch="True" condition-coverage="0% (0/2)">
              <conditions>
                <condition number="12" type="jump" coverage="0%" />
              </conditions>
            </line>
            <line number="25" hits="0" branch="False" />
            <line number="26" hits="0" branch="True" condition-coverage="0% (0/2)">
              <conditions>
                <condition number="38" type="jump" coverage="0%" />
              </conditions>
            </line>
            <line number="27" hits="0" branch="False" />
            <line number="29" hits="0" branch="True" condition-coverage="0% (0/4)">
              <conditions>
                <condition number="86" type="jump" coverage="0%" />
                <condition number="112" type="jump" coverage="0%" />
              </conditions>
            </line>
            <line number="30" hits="0" branch="False" />
            <line number="31" hits="0" branch="False" />
            <line number="32" hits="0" branch="False" />
            <line number="33" hits="0" branch="False" />
            <line number="34" hits="0" branch="False" />
            <line number="35" hits="0" branch="False" />
            <line number="36" hits="0" branch="False" />
          </lines>
        </class>
        <class name="Intentum.AI.AzureOpenAI.AzureOpenAIServiceCollectionExtensions" filename="Intentum.AI.AzureOpenAI/AzureOpenAIServiceCollectionExtensions.cs" line-rate="0" branch-rate="1" complexity="1">
          <methods>
            <method name="AddIntentumAzureOpenAI" signature="(Microsoft.Extensions.DependencyInjection.IServiceCollection,Intentum.AI.AzureOpenAI.AzureOpenAIOptions)" line-rate="0" branch-rate="1" complexity="1">
              <lines>
                <line number="13" hits="0" branch="False" />
                <line number="14" hits="0" branch="False" />
                <line number="15" hits="0" branch="False" />
                <line number="16" hits="0" branch="False" />
                <line number="17" hits="0" branch="False" />
                <line number="18" hits="0" branch="False" />
                <line number="19" hits="0" branch="False" />
                <line number="20" hits="0" branch="False" />
                <line number="21" hits="0" branch="False" />
                <line number="22" hits="0" branch="False" />
                <line number="24" hits="0" branch="False" />
                <line number="25" hits="0" branch="False" />
              </lines>
            </method>
          </methods>
          <lines>
            <line number="13" hits="0" branch="False" />
            <line number="14" hits="0" branch="False" />
            <line number="15" hits="0" branch="False" />
            <line number="16" hits="0" branch="False" />
            <line number="17" hits="0" branch="False" />
            <line number="18" hits="0" branch="False" />
            <line number="19" hits="0" branch="False" />
            <line number="20" hits="0" branch="False" />
            <line number="21" hits="0" branch="False" />
            <line number="22" hits="0" branch="False" />
            <line number="24" hits="0" branch="False" />
            <line number="25" hits="0" branch="False" />
          </lines>
        </class>
      </classes>
    </package>
    <package name="Intentum.AI.Gemini" line-rate="0.45909999999999995" branch-rate="0.3333" complexity="35">
      <classes>
        <class name="Intentum.AI.Gemini.GeminiEmbeddingProvider" filename="Intentum.AI.Gemini/GeminiEmbeddingProvider.cs" line-rate="0.9642000000000001" branch-rate="0.5" complexity="7">
          <methods>
            <method name="Embed" signature="(System.String)" line-rate="1" branch-rate="0.5" complexity="4">
              <lines>
                <line number="10" hits="1" branch="False" />
                <line number="11" hits="1" branch="False" />
                <line number="13" hits="1" branch="False" />
                <line number="14" hits="1" branch="False" />
                <line number="16" hits="1" branch="False" />
                <line number="18" hits="1" branch="False" />
                <line number="19" hits="1" branch="False" />
                <line number="20" hits="1" branch="False" />
                <line number="21" hits="1" branch="False" />
                <line number="23" hits="1" branch="False" />
                <line number="25" hits="1" branch="False" />
                <line number="26" hits="1" branch="False" />
                <line number="27" hits="1" branch="False" />
                <line number="28" hits="1" branch="False" />
                <line number="30" hits="1" branch="True" condition-coverage="50% (2/4)">
                  <conditions>
                    <condition number="156" type="jump" coverage="50%" />
                    <condition number="173" type="jump" coverage="50%" />
                  </conditions>
                </line>
                <line number="31" hits="1" branch="False" />
                <line number="33" hits="1" branch="False" />
                <line number="34" hits="1" branch="False" />
                <line number="35" hits="1" branch="False" />
                <line number="36" hits="1" branch="False" />
                <line number="37" hits="1" branch="False" />
              </lines>
            </method>
            <method name="Normalize" signature="(System.Collections.Generic.List`1&lt;System.Double&gt;)" line-rate="0.8332999999999999" branch-rate="0.5" complexity="2">
              <lines>
                <line number="40" hits="1" branch="False" />
                <line number="41" hits="1" branch="True" condition-coverage="50% (1/2)">
                  <conditions>
                    <condition number="12" type="jump" coverage="50%" />
                  </conditions>
                </line>
                <line number="42" hits="0" branch="False" />
                <line number="44" hits="3" branch="False" />
                <line number="45" hits="1" branch="False" />
                <line number="46" hits="1" branch="False" />
              </lines>
            </method>
            <method name=".ctor" signature="(Intentum.AI.Gemini.GeminiOptions,System.Net.Http.HttpClient)" line-rate="1" branch-rate="1" complexity="1">
              <lines>
                <line number="7" hits="1" branch="False" />
              </lines>
            </method>
          </methods>
          <lines>
            <line number="10" hits="1" branch="False" />
            <line number="11" hits="1" branch="False" />
            <line number="13" hits="1" branch="False" />
            <line number="14" hits="1" branch="False" />
            <line number="16" hits="1" branch="False" />
            <line number="18" hits="1" branch="False" />
            <line number="19" hits="1" branch="False" />
            <line number="20" hits="1" branch="False" />
            <line number="21" hits="1" branch="False" />
            <line number="23" hits="1" branch="False" />
            <line number="25" hits="1" branch="False" />
            <line number="26" hits="1" branch="False" />
            <line number="27" hits="1" branch="False" />
            <line number="28" hits="1" branch="False" />
            <line number="30" hits="1" branch="True" condition-coverage="50% (2/4)">
              <conditions>
                <condition number="156" type="jump" coverage="50%" />
                <condition number="173" type="jump" coverage="50%" />
              </conditions>
            </line>
            <line number="31" hits="1" branch="False" />
            <line number="33" hits="1" branch="False" />
            <line number="34" hits="1" branch="False" />
            <line number="35" hits="1" branch="False" />
            <line number="36" hits="1" branch="False" />
            <line number="37" hits="1" branch="False" />
            <line number="40" hits="1" branch="False" />
            <line number="41" hits="1" branch="True" condition-coverage="50% (1/2)">
              <conditions>
                <condition number="12" type="jump" coverage="50%" />
              </conditions>
            </line>
            <line number="42" hits="0" branch="False" />
            <line number="44" hits="3" branch="False" />
            <line number="45" hits="1" branch="False" />
            <line number="46" hits="1" branch="False" />
            <line number="7" hits="1" branch="False" />
          </lines>
        </class>
        <class name="Intentum.AI.Gemini.GeminiEmbeddingProvider/GeminiEmbedRequest" filename="Intentum.AI.Gemini/GeminiEmbeddingProvider.cs" line-rate="1" branch-rate="1" complexity="2">
          <methods>
            <method name="get_Content" signature="()" line-rate="1" branch-rate="1" complexity="1">
              <lines>
                <line number="49" hits="1" branch="False" />
              </lines>
            </method>
            <method name=".ctor" signature="(Intentum.AI.Gemini.GeminiEmbeddingProvider/GeminiContent)" line-rate="1" branch-rate="1" complexity="1">
              <lines>
                <line number="48" hits="1" branch="False" />
              </lines>
            </method>
          </methods>
          <lines>
            <line number="49" hits="1" branch="False" />
            <line number="48" hits="1" branch="False" />
          </lines>
        </class>
        <class name="Intentum.AI.Gemini.GeminiEmbeddingProvider/GeminiContent" filename="Intentum.AI.Gemini/GeminiEmbeddingProvider.cs" line-rate="1" branch-rate="1" complexity="2">
          <methods>
            <method name="get_Parts" signature="()" line-rate="1" branch-rate="1" complexity="1">
              <lines>
                <line number="52" hits="1" branch="False" />
              </lines>
            </method>
            <method name=".ctor" signature="(System.Collections.Generic.IReadOnlyList`1&lt;Intentum.AI.Gemini.GeminiEmbeddingProvider/GeminiPart&gt;)" line-rate="1" branch-rate="1" complexity="1">
              <lines>
                <line number="51" hits="1" branch="False" />
              </lines>
            </method>
          </methods>
          <lines>
            <line number="52" hits="1" branch="False" />
            <line number="51" hits="1" branch="False" />
          </lines>
        </class>
        <class name="Intentum.AI.Gemini.GeminiEmbeddingProvider/GeminiPart" filename="Intentum.AI.Gemini/GeminiEmbeddingProvider.cs" line-rate="1" branch-rate="1" complexity="2">
          <methods>
            <method name="get_Text" signature="()" line-rate="1" branch-rate="1" complexity="1">
              <lines>
                <line number="55" hits="1" branch="False" />
              </lines>
            </method>
            <method name=".ctor" signature="(System.String)" line-rate="1" branch-rate="1" complexity="1">
              <lines>
                <line number="54" hits="1" branch="False" />
              </lines>
            </method>
          </methods>
          <lines>
            <line number="55" hits="1" branch="False" />
            <line number="54" hits="1" branch="False" />
          </lines>
        </class>
        <class name="Intentum.AI.Gemini.GeminiEmbeddingProvider/GeminiEmbedResponse" filename="Intentum.AI.Gemini/GeminiEmbeddingProvider.cs" line-rate="1" branch-rate="1" complexity="2">
          <methods>
            <method name="get_Embedding" signature="()" line-rate="1" branch-rate="1" complexity="1">
              <lines>
                <line number="58" hits="2" branch="False" />
              </lines>
            </method>
            <method name=".ctor" signature="(Intentum.AI.Gemini.GeminiEmbeddingProvider/GeminiEmbedding)" line-rate="1" branch-rate="1" complexity="1">
              <lines>
                <line number="57" hits="1" branch="False" />
              </lines>
            </method>
          </methods>
          <lines>
            <line number="58" hits="2" branch="False" />
            <line number="57" hits="1" branch="False" />
          </lines>
        </class>
        <class name="Intentum.AI.Gemini.GeminiEmbeddingProvider/GeminiEmbedding" filename="Intentum.AI.Gemini/GeminiEmbeddingProvider.cs" line-rate="1" branch-rate="1" complexity="2">
          <methods>
            <method name="get_Values" signature="()" line-rate="1" branch-rate="1" complexity="1">
              <lines>
                <line number="61" hits="2" branch="False" />
              </lines>
            </method>
            <method name=".ctor" signature="(System.Collections.Generic.List`1&lt;System.Double&gt;)" line-rate="1" branch-rate="1" complexity="1">
              <lines>
                <line number="60" hits="1" branch="False" />
              </lines>
            </method>
          </methods>
          <lines>
            <line number="61" hits="2" branch="False" />
            <line number="60" hits="1" branch="False" />
          </lines>
        </class>
        <class name="Intentum.AI.Gemini.GeminiIntentModel" filename="Intentum.AI.Gemini/GeminiIntentModel.cs" line-rate="0" branch-rate="1" complexity="2">
          <methods>
            <method name="Infer" signature="(Intentum.Core.Behavior.BehaviorSpace)" line-rate="0" branch-rate="1" complexity="1">
              <lines>
                <line number="24" hits="0" branch="False" />
                <line number="25" hits="0" branch="False" />
                <line number="27" hits="0" branch="False" />
                <line number="28" hits="0" branch="False" />
                <line number="29" hits="0" branch="False" />
                <line number="31" hits="0" branch="False" />
                <line number="32" hits="0" branch="False" />
                <line number="34" hits="0" branch="False" />
                <line number="35" hits="0" branch="False" />
                <line number="36" hits="0" branch="False" />
                <line number="37" hits="0" branch="False" />
                <line number="38" hits="0" branch="False" />
                <line number="39" hits="0" branch="False" />
                <line number="41" hits="0" branch="False" />
                <line number="42" hits="0" branch="False" />
                <line number="43" hits="0" branch="False" />
                <line number="44" hits="0" branch="False" />
                <line number="45" hits="0" branch="False" />
                <line number="46" hits="0" branch="False" />
              </lines>
            </method>
            <method name=".ctor" signature="(Intentum.AI.Embeddings.IIntentEmbeddingProvider,Intentum.AI.Similarity.IIntentSimilarityEngine)" line-rate="0" branch-rate="1" complexity="1">
              <lines>
                <line number="15" hits="0" branch="False" />
                <line number="16" hits="0" branch="False" />
                <line number="17" hits="0" branch="False" />
                <line number="18" hits="0" branch="False" />
                <line number="19" hits="0" branch="False" />
                <line number="20" hits="0" branch="False" />
                <line number="21" hits="0" branch="False" />
              </lines>
            </method>
          </methods>
          <lines>
            <line number="24" hits="0" branch="False" />
            <line number="25" hits="0" branch="False" />
            <line number="27" hits="0" branch="False" />
            <line number="28" hits="0" branch="False" />
            <line number="29" hits="0" branch="False" />
            <line number="31" hits="0" branch="False" />
            <line number="32" hits="0" branch="False" />
            <line number="34" hits="0" branch="False" />
            <line number="35" hits="0" branch="False" />
            <line number="36" hits="0" branch="False" />
            <line number="37" hits="0" branch="False" />
            <line number="38" hits="0" branch="False" />
            <line number="39" hits="0" branch="False" />
            <line number="41" hits="0" branch="False" />
            <line number="42" hits="0" branch="False" />
            <line number="43" hits="0" branch="False" />
            <line number="44" hits="0" branch="False" />
            <line number="45" hits="0" branch="False" />
            <line number="46" hits="0" branch="False" />
            <line number="15" hits="0" branch="False" />
            <line number="16" hits="0" branch="False" />
            <line number="17" hits="0" branch="False" />
            <line number="18" hits="0" branch="False" />
            <line number="19" hits="0" branch="False" />
            <line number="20" hits="0" branch="False" />
            <line number="21" hits="0" branch="False" />
          </lines>
        </class>
        <class name="Intentum.AI.Gemini.GeminiOptions" filename="Intentum.AI.Gemini/GeminiOptions.cs" line-rate="0.3333" branch-rate="0.25" complexity="15">
          <methods>
            <method name="get_ApiKey" signature="()" line-rate="1" branch-rate="1" complexity="1">
              <lines>
                <line number="5" hits="3" branch="False" />
              </lines>
            </method>
            <method name="get_EmbeddingModel" signature="()" line-rate="1" branch-rate="1" complexity="1">
              <lines>
                <line number="6" hits="4" branch="False" />
              </lines>
            </method>
            <method name="get_BaseUrl" signature="()" line-rate="1" branch-rate="1" complexity="1">
              <lines>
                <line number="7" hits="2" branch="False" />
              </lines>
            </method>
            <method name="Validate" signature="()" line-rate="0.625" branch-rate="0.5" complexity="6">
              <lines>
                <line number="10" hits="1" branch="False" />
                <line number="11" hits="1" branch="True" condition-coverage="50% (1/2)">
                  <conditions>
                    <condition number="14" type="jump" coverage="50%" />
                  </conditions>
                </line>
                <line number="12" hits="0" branch="False" />
                <line number="13" hits="1" branch="True" condition-coverage="50% (1/2)">
                  <conditions>
                    <condition number="40" type="jump" coverage="50%" />
                  </conditions>
                </line>
                <line number="14" hits="0" branch="False" />
                <line number="15" hits="1" branch="True" condition-coverage="50% (1/2)">
                  <conditions>
                    <condition number="66" type="jump" coverage="50%" />
                  </conditions>
                </line>
                <line number="16" hits="0" branch="False" />
                <line number="17" hits="1" branch="False" />
              </lines>
            </method>
            <method name="FromEnvironment" signature="()" line-rate="0" branch-rate="0" complexity="6">
              <lines>
                <line number="20" hits="0" branch="False" />
                <line number="21" hits="0" branch="True" condition-coverage="0% (0/2)">
                  <conditions>
                    <condition number="12" type="jump" coverage="0%" />
                  </conditions>
                </line>
                <line number="22" hits="0" branch="False" />
                <line number="24" hits="0" branch="False" />
                <line number="25" hits="0" branch="True" condition-coverage="0% (0/2)">
                  <conditions>
                    <condition number="46" type="jump" coverage="0%" />
                  </conditions>
                </line>
                <line number="26" hits="0" branch="False" />
                <line number="28" hits="0" branch="True" condition-coverage="0% (0/2)">
                  <conditions>
                    <condition number="84" type="jump" coverage="0%" />
                  </conditions>
                </line>
                <line number="29" hits="0" branch="False" />
                <line number="30" hits="0" branch="False" />
                <line number="31" hits="0" branch="False" />
                <line number="32" hits="0" branch="False" />
                <line number="33" hits="0" branch="False" />
                <line number="34" hits="0" branch="False" />
              </lines>
            </method>
          </methods>
          <lines>
            <line number="5" hits="3" branch="False" />
            <line number="6" hits="4" branch="False" />
            <line number="7" hits="2" branch="False" />
            <line number="10" hits="1" branch="False" />
            <line number="11" hits="1" branch="True" condition-coverage="50% (1/2)">
              <conditions>
                <condition number="14" type="jump" coverage="50%" />
              </conditions>
            </line>
            <line number="12" hits="0" branch="False" />
            <line number="13" hits="1" branch="True" condition-coverage="50% (1/2)">
              <conditions>
                <condition number="40" type="jump" coverage="50%" />
              </conditions>
            </line>
            <line number="14" hits="0" branch="False" />
            <line number="15" hits="1" branch="True" condition-coverage="50% (1/2)">
              <conditions>
                <condition number="66" type="jump" coverage="50%" />
              </conditions>
            </line>
            <line number="16" hits="0" branch="False" />
            <line number="17" hits="1" branch="False" />
            <line number="20" hits="0" branch="False" />
            <line number="21" hits="0" branch="True" condition-coverage="0% (0/2)">
              <conditions>
                <condition number="12" type="jump" coverage="0%" />
              </conditions>
            </line>
            <line number="22" hits="0" branch="False" />
            <line number="24" hits="0" branch="False" />
            <line number="25" hits="0" branch="True" condition-coverage="0% (0/2)">
              <conditions>
                <condition number="46" type="jump" coverage="0%" />
              </conditions>
            </line>
            <line number="26" hits="0" branch="False" />
            <line number="28" hits="0" branch="True" condition-coverage="0% (0/2)">
              <conditions>
                <condition number="84" type="jump" coverage="0%" />
              </conditions>
            </line>
            <line number="29" hits="0" branch="False" />
            <line number="30" hits="0" branch="False" />
            <line number="31" hits="0" branch="False" />
            <line number="32" hits="0" branch="False" />
            <line number="33" hits="0" branch="False" />
            <line number="34" hits="0" branch="False" />
          </lines>
        </class>
        <class name="Intentum.AI.Gemini.GeminiServiceCollectionExtensions" filename="Intentum.AI.Gemini/GeminiServiceCollectionExtensions.cs" line-rate="0" branch-rate="1" complexity="1">
          <methods>
            <method name="AddIntentumGemini" signature="(Microsoft.Extensions.DependencyInjection.IServiceCollection,Intentum.AI.Gemini.GeminiOptions)" line-rate="0" branch-rate="1" complexity="1">
              <lines>
                <line number="13" hits="0" branch="False" />
                <line number="14" hits="0" branch="False" />
                <line number="15" hits="0" branch="False" />
                <line number="16" hits="0" branch="False" />
                <line number="17" hits="0" branch="False" />
                <line number="18" hits="0" branch="False" />
                <line number="19" hits="0" branch="False" />
                <line number="20" hits="0" branch="False" />
                <line number="22" hits="0" branch="False" />
                <line number="23" hits="0" branch="False" />
              </lines>
            </method>
          </methods>
          <lines>
            <line number="13" hits="0" branch="False" />
            <line number="14" hits="0" branch="False" />
            <line number="15" hits="0" branch="False" />
            <line number="16" hits="0" branch="False" />
            <line number="17" hits="0" branch="False" />
            <line number="18" hits="0" branch="False" />
            <line number="19" hits="0" branch="False" />
            <line number="20" hits="0" branch="False" />
            <line number="22" hits="0" branch="False" />
            <line number="23" hits="0" branch="False" />
          </lines>
        </class>
      </classes>
    </package>
    <package name="Intentum.Core" line-rate="0.8961" branch-rate="1" complexity="36">
      <classes>
        <class name="Intentum.Core.IntentumCoreExtensions" filename="Intentum.Core/IntentumCoreExtensions.cs" line-rate="0.7" branch-rate="1" complexity="2">
          <methods>
            <method name="Observe" signature="(Intentum.Core.Behavior.BehaviorSpace,System.String,System.String)" line-rate="1" branch-rate="1" complexity="1">
              <lines>
                <line number="14" hits="91" branch="False" />
                <line number="15" hits="91" branch="False" />
                <line number="16" hits="91" branch="False" />
                <line number="17" hits="91" branch="False" />
                <line number="18" hits="91" branch="False" />
                <line number="20" hits="91" branch="False" />
                <line number="21" hits="91" branch="False" />
              </lines>
            </method>
            <method name="EvaluateIntent" signature="(Intentum.Core.Behavior.BehaviorSpace,System.String)" line-rate="0" branch-rate="1" complexity="1">
              <lines>
                <line number="27" hits="0" branch="False" />
                <line number="28" hits="0" branch="False" />
                <line number="29" hits="0" branch="False" />
              </lines>
            </method>
          </methods>
          <lines>
            <line number="14" hits="91" branch="False" />
            <line number="15" hits="91" branch="False" />
            <line number="16" hits="91" branch="False" />
            <line number="17" hits="91" branch="False" />
            <line number="18" hits="91" branch="False" />
            <line number="20" hits="91" branch="False" />
            <line number="21" hits="91" branch="False" />
            <line number="27" hits="0" branch="False" />
            <line number="28" hits="0" branch="False" />
            <line number="29" hits="0" branch="False" />
          </lines>
        </class>
        <class name="Intentum.Core.Intent.IntentSignal" filename="Intentum.Core/Intent/IntentSignal.cs" line-rate="0.8" branch-rate="1" complexity="4">
          <methods>
            <method name="get_Source" signature="()" line-rate="0" branch-rate="1" complexity="1">
              <lines>
                <line number="7" hits="0" branch="False" />
              </lines>
            </method>
            <method name="get_Description" signature="()" line-rate="1" branch-rate="1" complexity="1">
              <lines>
                <line number="8" hits="114" branch="False" />
              </lines>
            </method>
            <method name="get_Weight" signature="()" line-rate="1" branch-rate="1" complexity="1">
              <lines>
                <line number="9" hits="1" branch="False" />
              </lines>
            </method>
            <method name=".ctor" signature="(System.String,System.String,System.Double)" line-rate="1" branch-rate="1" complexity="1">
              <lines>
                <line number="6" hits="95" branch="False" />
                <line number="10" hits="95" branch="False" />
              </lines>
            </method>
          </methods>
          <lines>
            <line number="7" hits="0" branch="False" />
            <line number="8" hits="114" branch="False" />
            <line number="9" hits="1" branch="False" />
            <line number="6" hits="95" branch="False" />
            <line number="10" hits="95" branch="False" />
          </lines>
        </class>
        <class name="Intentum.Core.Intents.Intent" filename="Intentum.Core/Intent/Intent.cs" line-rate="0.8" branch-rate="1" complexity="4">
          <methods>
            <method name="get_Name" signature="()" line-rate="0" branch-rate="1" complexity="1">
              <lines>
                <line number="9" hits="0" branch="False" />
              </lines>
            </method>
            <method name="get_Signals" signature="()" line-rate="1" branch-rate="1" complexity="1">
              <lines>
                <line number="10" hits="32" branch="False" />
              </lines>
            </method>
            <method name="get_Confidence" signature="()" line-rate="1" branch-rate="1" complexity="1">
              <lines>
                <line number="11" hits="38" branch="False" />
              </lines>
            </method>
            <method name=".ctor" signature="(System.String,System.Collections.Generic.IReadOnlyCollection`1&lt;Intentum.Core.Intent.IntentSignal&gt;,Intentum.Core.Intents.IntentConfidence)" line-rate="1" branch-rate="1" complexity="1">
              <lines>
                <line number="8" hits="29" branch="False" />
                <line number="12" hits="29" branch="False" />
              </lines>
            </method>
          </methods>
          <lines>
            <line number="9" hits="0" branch="False" />
            <line number="10" hits="32" branch="False" />
            <line number="11" hits="38" branch="False" />
            <line number="8" hits="29" branch="False" />
            <line number="12" hits="29" branch="False" />
          </lines>
        </class>
        <class name="Intentum.Core.Intents.IntentConfidence" filename="Intentum.Core/Intent/IntentConfidence.cs" line-rate="1" branch-rate="1" complexity="9">
          <methods>
[...]
          <methods>
            <method name="Infer" signature="(Intentum.Core.Behavior.BehaviorSpace)" line-rate="0" branch-rate="1" complexity="1">
              <lines>
                <line number="24" hits="0" branch="False" />
                <line number="25" hits="0" branch="False" />
                <line number="27" hits="0" branch="False" />
                <line number="28" hits="0" branch="False" />
                <line number="29" hits="0" branch="False" />
                <line number="31" hits="0" branch="False" />
                <line number="32" hits="0" branch="False" />
                <line number="34" hits="0" branch="False" />
                <line number="35" hits="0" branch="False" />
                <line number="36" hits="0" branch="False" />
                <line number="37" hits="0" branch="False" />
                <line number="38" hits="0" branch="False" />
                <line number="39" hits="0" branch="False" />
                <line number="41" hits="0" branch="False" />
                <line number="42" hits="0" branch="False" />
                <line number="43" hits="0" branch="False" />
                <line number="44" hits="0" branch="False" />
                <line number="45" hits="0" branch="False" />
                <line number="46" hits="0" branch="False" />
              </lines>
            </method>
            <method name=".ctor" signature="(Intentum.AI.Embeddings.IIntentEmbeddingProvider,Intentum.AI.Similarity.IIntentSimilarityEngine)" line-rate="0" branch-rate="1" complexity="1">
              <lines>
                <line number="15" hits="0" branch="False" />
                <line number="16" hits="0" branch="False" />
                <line number="17" hits="0" branch="False" />
                <line number="18" hits="0" branch="False" />
                <line number="19" hits="0" branch="False" />
                <line number="20" hits="0" branch="False" />
                <line number="21" hits="0" branch="False" />
              </lines>
            </method>
          </methods>
          <lines>
            <line number="24" hits="0" branch="False" />
            <line number="25" hits="0" branch="False" />
            <line number="27" hits="0" branch="False" />
            <line number="28" hits="0" branch="False" />
            <line number="29" hits="0" branch="False" />
            <line number="31" hits="0" branch="False" />
            <line number="32" hits="0" branch="False" />
            <line number="34" hits="0" branch="False" />
            <line number="35" hits="0" branch="False" />
            <line number="36" hits="0" branch="False" />
            <line number="37" hits="0" branch="False" />
            <line number="38" hits="0" branch="False" />
            <line number="39" hits="0" branch="False" />
            <line number="41" hits="0" branch="False" />
            <line number="42" hits="0" branch="False" />
            <line number="43" hits="0" branch="False" />
            <line number="44" hits="0" branch="False" />
            <line number="45" hits="0" branch="False" />
            <line number="46" hits="0" branch="False" />
            <line number="15" hits="0" branch="False" />
            <line number="16" hits="0" branch="False" />
            <line number="17" hits="0" branch="False" />
            <line number="18" hits="0" branch="False" />
            <line number="19" hits="0" branch="False" />
            <line number="20" hits="0" branch="False" />
            <line number="21" hits="0" branch="False" />
          </lines>
        </class>
        <class name="Intentum.AI.Mistral.MistralOptions" filename="Intentum.AI.Mistral/MistralOptions.cs" line-rate="0.3333" branch-rate="0.25" complexity="15">
          <methods>
            <method name="get_ApiKey" signature="()" line-rate="1" branch-rate="1" complexity="1">
              <lines>
                <line number="5" hits="2" branch="False" />
              </lines>
            </method>
            <method name="get_EmbeddingModel" signature="()" line-rate="1" branch-rate="1" complexity="1">
              <lines>
                <line number="6" hits="4" branch="False" />
              </lines>
            </method>
            <method name="get_BaseUrl" signature="()" line-rate="1" branch-rate="1" complexity="1">
              <lines>
                <line number="7" hits="2" branch="False" />
              </lines>
            </method>
            <method name="Validate" signature="()" line-rate="0.625" branch-rate="0.5" complexity="6">
              <lines>
                <line number="10" hits="1" branch="False" />
                <line number="11" hits="1" branch="True" condition-coverage="50% (1/2)">
                  <conditions>
                    <condition number="14" type="jump" coverage="50%" />
                  </conditions>
                </line>
                <line number="12" hits="0" branch="False" />
                <line number="13" hits="1" branch="True" condition-coverage="50% (1/2)">
                  <conditions>
                    <condition number="40" type="jump" coverage="50%" />
                  </conditions>
                </line>
                <line number="14" hits="0" branch="False" />
                <line number="15" hits="1" branch="True" condition-coverage="50% (1/2)">
                  <conditions>
                    <condition number="66" type="jump" coverage="50%" />
                  </conditions>
                </line>
                <line number="16" hits="0" branch="False" />
                <line number="17" hits="1" branch="False" />
              </lines>
            </method>
            <method name="FromEnvironment" signature="()" line-rate="0" branch-rate="0" complexity="6">
              <lines>
                <line number="20" hits="0" branch="False" />
                <line number="21" hits="0" branch="True" condition-coverage="0% (0/2)">
                  <conditions>
                    <condition number="12" type="jump" coverage="0%" />
                  </conditions>
                </line>
                <line number="22" hits="0" branch="False" />
                <line number="24" hits="0" branch="False" />
                <line number="25" hits="0" branch="True" condition-coverage="0% (0/2)">
                  <conditions>
                    <condition number="46" type="jump" coverage="0%" />
                  </conditions>
                </line>
                <line number="26" hits="0" branch="False" />
                <line number="28" hits="0" branch="True" condition-coverage="0% (0/2)">
                  <conditions>
                    <condition number="84" type="jump" coverage="0%" />
                  </conditions>
                </line>
                <line number="29" hits="0" branch="False" />
                <line number="30" hits="0" branch="False" />
                <line number="31" hits="0" branch="False" />
                <line number="32" hits="0" branch="False" />
                <line number="33" hits="0" branch="False" />
                <line number="34" hits="0" branch="False" />
              </lines>
            </method>
          </methods>
          <lines>
            <line number="5" hits="2" branch="False" />
            <line number="6" hits="4" branch="False" />
            <line number="7" hits="2" branch="False" />
            <line number="10" hits="1" branch="False" />
            <line number="11" hits="1" branch="True" condition-coverage="50% (1/2)">
              <conditions>
                <condition number="14" type="jump" coverage="50%" />
              </conditions>
            </line>
            <line number="12" hits="0" branch="False" />
            <line number="13" hits="1" branch="True" condition-coverage="50% (1/2)">
              <conditions>
                <condition number="40" type="jump" coverage="50%" />
              </conditions>
            </line>
            <line number="14" hits="0" branch="False" />
            <line number="15" hits="1" branch="True" condition-coverage="50% (1/2)">
              <conditions>
                <condition number="66" type="jump" coverage="50%" />
              </conditions>
            </line>
            <line number="16" hits="0" branch="False" />
            <line number="17" hits="1" branch="False" />
            <line number="20" hits="0" branch="False" />
            <line number="21" hits="0" branch="True" condition-coverage="0% (0/2)">
              <conditions>
                <condition number="12" type="jump" coverage="0%" />
              </conditions>
            </line>
            <line number="22" hits="0" branch="False" />
            <line number="24" hits="0" branch="False" />
            <line number="25" hits="0" branch="True" condition-coverage="0% (0/2)">
              <conditions>
                <condition number="46" type="jump" coverage="0%" />
              </conditions>
            </line>
            <line number="26" hits="0" branch="False" />
            <line number="28" hits="0" branch="True" condition-coverage="0% (0/2)">
              <conditions>
                <condition number="84" type="jump" coverage="0%" />
              </conditions>
            </line>
            <line number="29" hits="0" branch="False" />
            <line number="30" hits="0" branch="False" />
            <line number="31" hits="0" branch="False" />
            <line number="32" hits="0" branch="False" />
            <line number="33" hits="0" branch="False" />
            <line number="34" hits="0" branch="False" />
          </lines>
        </class>
        <class name="Intentum.AI.Mistral.MistralServiceCollectionExtensions" filename="Intentum.AI.Mistral/MistralServiceCollectionExtensions.cs" line-rate="0" branch-rate="1" complexity="1">
          <methods>
            <method name="AddIntentumMistral" signature="(Microsoft.Extensions.DependencyInjection.IServiceCollection,Intentum.AI.Mistral.MistralOptions)" line-rate="0" branch-rate="1" complexity="1">
              <lines>
                <line number="13" hits="0" branch="False" />
                <line number="14" hits="0" branch="False" />
                <line number="15" hits="0" branch="False" />
                <line number="16" hits="0" branch="False" />
                <line number="17" hits="0" branch="False" />
                <line number="18" hits="0" branch="False" />
                <line number="19" hits="0" branch="False" />
                <line number="20" hits="0" branch="False" />
                <line number="21" hits="0" branch="False" />
                <line number="22" hits="0" branch="False" />
                <line number="23" hits="0" branch="False" />
                <line number="25" hits="0" branch="False" />
                <line number="26" hits="0" branch="False" />
              </lines>
            </method>
          </methods>
          <lines>
            <line number="13" hits="0" branch="False" />
            <line number="14" hits="0" branch="False" />
            <line number="15" hits="0" branch="False" />
            <line number="16" hits="0" branch="False" />
            <line number="17" hits="0" branch="False" />
            <line number="18" hits="0" branch="False" />
            <line number="19" hits="0" branch="False" />
            <line number="20" hits="0" branch="False" />
            <line number="21" hits="0" branch="False" />
            <line number="22" hits="0" branch="False" />
            <line number="23" hits="0" branch="False" />
            <line number="25" hits="0" branch="False" />
            <line number="26" hits="0" branch="False" />
          </lines>
        </class>
      </classes>
    </package>
    <package name="Intentum.AI" line-rate="0.9767" branch-rate="0.5" complexity="8">
      <classes>
        <class name="Intentum.AI.Similarity.SimpleAverageSimilarityEngine" filename="Intentum.AI/Similarity/SimpleAverageSimilarityEngine.cs" line-rate="0.8" branch-rate="0.5" complexity="2">
          <methods>
            <method name="CalculateIntentScore" signature="(System.Collections.Generic.IReadOnlyCollection`1&lt;Intentum.AI.Embeddings.IntentEmbedding&gt;)" line-rate="0.8" branch-rate="0.5" complexity="2">
              <lines>
                <line number="8" hits="27" branch="False" />
                <line number="9" hits="27" branch="True" condition-coverage="50% (1/2)">
                  <conditions>
                    <condition number="12" type="jump" coverage="50%" />
                  </conditions>
                </line>
                <line number="10" hits="0" branch="False" />
                <line number="12" hits="121" branch="False" />
                <line number="13" hits="27" branch="False" />
              </lines>
            </method>
          </methods>
          <lines>
            <line number="8" hits="27" branch="False" />
            <line number="9" hits="27" branch="True" condition-coverage="50% (1/2)">
              <conditions>
                <condition number="12" type="jump" coverage="50%" />
              </conditions>
            </line>
            <line number="10" hits="0" branch="False" />
            <line number="12" hits="121" branch="False" />
            <line number="13" hits="27" branch="False" />
          </lines>
        </class>
        <class name="Intentum.AI.Models.LlmIntentModel" filename="Intentum.AI/Models/LlmIntentModel.cs" line-rate="1" branch-rate="1" complexity="2">
          <methods>
            <method name="Infer" signature="(Intentum.Core.Behavior.BehaviorSpace)" line-rate="1" branch-rate="1" complexity="1">
              <lines>
                <line number="27" hits="27" branch="False" />
                <line number="28" hits="27" branch="False" />
                <line number="30" hits="27" branch="False" />
                <line number="31" hits="94" branch="False" />
                <line number="32" hits="27" branch="False" />
                <line number="34" hits="27" branch="False" />
                <line number="35" hits="27" branch="False" />
                <line number="37" hits="27" branch="False" />
                <line number="38" hits="94" branch="False" />
                <line number="39" hits="94" branch="False" />
                <line number="40" hits="94" branch="False" />
                <line number="41" hits="94" branch="False" />
                <line number="42" hits="27" branch="False" />
                <line number="44" hits="27" branch="False" />
                <line number="45" hits="27" branch="False" />
                <line number="46" hits="27" branch="False" />
                <line number="47" hits="27" branch="False" />
                <line number="48" hits="27" branch="False" />
                <line number="49" hits="27" branch="False" />
              </lines>
            </method>
            <method name=".ctor" signature="(Intentum.AI.Embeddings.IIntentEmbeddingProvider,Intentum.AI.Similarity.IIntentSimilarityEngine)" line-rate="1" branch-rate="1" complexity="1">
              <lines>
                <line number="18" hits="27" branch="False" />
                <line number="19" hits="27" branch="False" />
                <line number="20" hits="27" branch="False" />
                <line number="21" hits="27" branch="False" />
                <line number="22" hits="27" branch="False" />
                <line number="23" hits="27" branch="False" />
                <line number="24" hits="27" branch="False" />
              </lines>
            </method>
          </methods>
          <lines>
            <line number="27" hits="27" branch="False" />
            <line number="28" hits="27" branch="False" />
            <line number="30" hits="27" branch="False" />
            <line number="31" hits="94" branch="False" />
            <line number="32" hits="27" branch="False" />
            <line number="34" hits="27" branch="False" />
            <line number="35" hits="27" branch="False" />
            <line number="37" hits="27" branch="False" />
            <line number="38" hits="94" branch="False" />
            <line number="39" hits="94" branch="False" />
            <line number="40" hits="94" branch="False" />
            <line number="41" hits="94" branch="False" />
            <line number="42" hits="27" branch="False" />
            <line number="44" hits="27" branch="False" />
            <line number="45" hits="27" branch="False" />
            <line number="46" hits="27" branch="False" />
            <line number="47" hits="27" branch="False" />
            <line number="48" hits="27" branch="False" />
            <line number="49" hits="27" branch="False" />
            <line number="18" hits="27" branch="False" />
            <line number="19" hits="27" branch="False" />
            <line number="20" hits="27" branch="False" />
            <line number="21" hits="27" branch="False" />
            <line number="22" hits="27" branch="False" />
            <line number="23" hits="27" branch="False" />
            <line number="24" hits="27" branch="False" />
          </lines>
        </class>
        <class name="Intentum.AI.Mock.MockEmbeddingProvider" filename="Intentum.AI/Mock/MockEmbeddingProvider.cs" line-rate="1" branch-rate="1" complexity="1">
          <methods>
            <method name="Embed" signature="(System.String)" line-rate="1" branch-rate="1" complexity="1">
              <lines>
                <line number="11" hits="94" branch="False" />
                <line number="12" hits="94" branch="False" />
                <line number="13" hits="94" branch="False" />
                <line number="15" hits="94" branch="False" />
                <line number="16" hits="94" branch="False" />
                <line number="17" hits="94" branch="False" />
                <line number="18" hits="94" branch="False" />
                <line number="19" hits="94" branch="False" />
              </lines>
            </method>
          </methods>
          <lines>
            <line number="11" hits="94" branch="False" />
            <line number="12" hits="94" branch="False" />
            <line number="13" hits="94" branch="False" />
            <line number="15" hits="94" branch="False" />
            <line number="16" hits="94" branch="False" />
            <line number="17" hits="94" branch="False" />
            <line number="18" hits="94" branch="False" />
            <line number="19" hits="94" branch="False" />
          </lines>
        </class>
        <class name="Intentum.AI.Embeddings.IntentEmbedding" filename="Intentum.AI/Embeddings/IntentEmbedding.cs" line-rate="1" branch-rate="1" complexity="3">
          <methods>
            <method name="get_Source" signature="()" line-rate="1" branch-rate="1" complexity="1">
              <lines>
                <line number="4" hits="94" branch="False" />
              </lines>
            </method>
            <method name="get_Score" signature="()" line-rate="1" branch-rate="1" complexity="1">
              <lines>
                <line number="5" hits="192" branch="False" />
              </lines>
            </method>
            <method name=".ctor" signature="(System.String,System.Double)" line-rate="1" branch-rate="1" complexity="1">
              <lines>
                <line number="3" hits="98" branch="False" />
                <line number="6" hits="98" branch="False" />
              </lines>
            </method>
          </methods>
          <lines>
            <line number="4" hits="94" branch="False" />
            <line number="5" hits="192" branch="False" />
            <line number="3" hits="98" branch="False" />
            <line number="6" hits="98" branch="False" />
          </lines>
        </class>
      </classes>
    </package>
  </packages>
</coverage>